2021-01-04 19:27:24 Config [INFO] 你的value值为：['jsessionid']
2021-01-04 19:27:24 Config [INFO] 你的value值为：53F7CEDF986BC9223EAFD91348A400BA
2021-01-04 19:27:24 Config [INFO] 你的value值为：['ip', 'port']
2021-01-04 19:27:24 Config [INFO] 你的value值为：192.168.1.5
2021-01-04 19:27:24 Config [INFO] 你的value值为：['ip', 'port']
2021-01-04 19:27:24 Config [INFO] 你的value值为：8080
2021-01-04 19:28:39 Config [INFO] 你的value值为：['jsessionid']
2021-01-04 19:28:39 Config [INFO] 你的value值为：53F7CEDF986BC9223EAFD91348A400BA
2021-01-04 19:28:39 Config [INFO] 你的value值为：['ip', 'port']
2021-01-04 19:28:39 Config [INFO] 你的value值为：192.168.1.5
2021-01-04 19:28:39 Config [INFO] 你的value值为：['ip', 'port']
2021-01-04 19:28:39 Config [INFO] 你的value值为：8080
2021-01-04 19:29:59 Config [INFO] 对不起，你的Cookies不存在
2021-01-04 19:33:35 Config [INFO] 你的value值为：['jsessionid']
2021-01-04 19:33:35 Config [INFO] 你的value值为：53F7CEDF986BC9223EAFD91348A400BA
2021-01-04 19:38:06 Config [INFO] 你的value值为：['jsessionid']
2021-01-04 19:38:06 Config [INFO] 你的value值为：53F7CEDF986BC9223EAFD91348A400BA
2021-01-04 19:38:26 Config [INFO] 你的value值为：['jsessionid']
2021-01-04 19:38:26 Config [INFO] 你的value值为：53F7CEDF986BC9223EAFD91348A400BA
2021-01-04 19:41:18 Config [INFO] 你的value值为：['jsessionid']
2021-01-04 19:41:18 Config [INFO] 你的value值为：53F7CEDF986BC9223EAFD91348A400BA
2021-01-04 19:41:28 Config [INFO] 你的value值为：['jsessionid']
2021-01-04 19:41:28 Config [INFO] 你的value值为：53F7CEDF986BC9223EAFD91348A400BA
2021-01-04 19:42:10 Config [INFO] 你的value值为：['jsessionid']
2021-01-04 19:42:10 Config [INFO] 你的value值为：53F7CEDF986BC9223EAFD91348A400BA
2021-01-04 19:42:39 Config [INFO] 你的value值为：['jsessionid']
2021-01-04 19:42:39 Config [INFO] 你的value值为：53F7CEDF986BC9223EAFD91348A400BA
2021-01-04 19:43:45 Config [INFO] 你的value值为：['jsessionid']
2021-01-04 19:43:45 Config [INFO] 你的value值为：53F7CEDF986BC9223EAFD91348A400BA
2021-01-04 19:43:54 Config [INFO] 你的value值为：['jsessionid']
2021-01-04 19:43:54 Config [INFO] 你的value值为：53F7CEDF986BC9223EAFD91348A400BA
2021-01-04 19:44:31 Config [INFO] 对不起，你的Cookies不存在
2021-01-04 19:44:44 Config [INFO] 对不起，你的Cookies不存在
2021-01-04 20:02:21 Config [INFO] 对不起，你的Cookies不存在
